<?xml version="1.0" encoding="UTF-8"?>
<coverage generated="1712235088997" clover="3.2.0">
  <project timestamp="1712235088997" name="All files">
    <metrics statements="188" coveredstatements="188" conditionals="115" coveredconditionals="110" methods="23" coveredmethods="23" elements="326" coveredelements="321" complexity="0" loc="188" ncloc="188" packages="1" files="7" classes="7"/>
    <file name="controls.ts" path="/Users/gemmacrawford-wright/Desktop/projects/mars-rover-simulator/src/controls.ts">
      <metrics statements="28" coveredstatements="28" conditionals="12" coveredconditionals="12" methods="3" coveredmethods="3"/>
      <line num="3" count="4" type="stmt"/>
      <line num="5" count="4" type="stmt"/>
      <line num="6" count="26" type="cond" truecount="4" falsecount="0"/>
      <line num="8" count="11" type="stmt"/>
      <line num="9" count="11" type="stmt"/>
      <line num="10" count="11" type="stmt"/>
      <line num="12" count="9" type="stmt"/>
      <line num="13" count="9" type="stmt"/>
      <line num="14" count="9" type="stmt"/>
      <line num="16" count="3" type="stmt"/>
      <line num="17" count="3" type="stmt"/>
      <line num="18" count="3" type="stmt"/>
      <line num="20" count="3" type="stmt"/>
      <line num="21" count="3" type="stmt"/>
      <line num="22" count="3" type="stmt"/>
      <line num="25" count="26" type="stmt"/>
      <line num="28" count="4" type="stmt"/>
      <line num="29" count="15" type="cond" truecount="4" falsecount="0"/>
      <line num="31" count="2" type="stmt"/>
      <line num="33" count="7" type="stmt"/>
      <line num="35" count="3" type="stmt"/>
      <line num="37" count="3" type="stmt"/>
      <line num="41" count="4" type="stmt"/>
      <line num="42" count="14" type="cond" truecount="4" falsecount="0"/>
      <line num="44" count="7" type="stmt"/>
      <line num="46" count="3" type="stmt"/>
      <line num="48" count="2" type="stmt"/>
      <line num="50" count="2" type="stmt"/>
    </file>
    <file name="grid.ts" path="/Users/gemmacrawford-wright/Desktop/projects/mars-rover-simulator/src/grid.ts">
      <metrics statements="5" coveredstatements="5" conditionals="0" coveredconditionals="0" methods="2" coveredmethods="2"/>
      <line num="5" count="5" type="stmt"/>
      <line num="6" count="20" type="stmt"/>
      <line num="9" count="5" type="stmt"/>
      <line num="11" count="5" type="stmt"/>
      <line num="12" count="15" type="stmt"/>
    </file>
    <file name="helperFunctions.ts" path="/Users/gemmacrawford-wright/Desktop/projects/mars-rover-simulator/src/helperFunctions.ts">
      <metrics statements="7" coveredstatements="7" conditionals="0" coveredconditionals="0" methods="3" coveredmethods="3"/>
      <line num="1" count="5" type="stmt"/>
      <line num="3" count="9" type="stmt"/>
      <line num="4" count="9" type="stmt"/>
      <line num="5" count="16" type="stmt"/>
      <line num="6" count="9" type="stmt"/>
      <line num="9" count="5" type="stmt"/>
      <line num="10" count="33" type="stmt"/>
    </file>
    <file name="inputValidation.ts" path="/Users/gemmacrawford-wright/Desktop/projects/mars-rover-simulator/src/inputValidation.ts">
      <metrics statements="45" coveredstatements="45" conditionals="47" coveredconditionals="46" methods="3" coveredmethods="3"/>
      <line num="1" count="2" type="stmt"/>
      <line num="2" count="30" type="cond" truecount="5" falsecount="0"/>
      <line num="3" count="2" type="stmt"/>
      <line num="6" count="28" type="cond" truecount="1" falsecount="0"/>
      <line num="7" count="5" type="stmt"/>
      <line num="10" count="23" type="stmt"/>
      <line num="11" count="23" type="stmt"/>
      <line num="13" count="23" type="cond" truecount="3" falsecount="0"/>
      <line num="14" count="6" type="stmt"/>
      <line num="17" count="17" type="stmt"/>
      <line num="18" count="17" type="stmt"/>
      <line num="20" count="17" type="cond" truecount="5" falsecount="0"/>
      <line num="21" count="7" type="stmt"/>
      <line num="24" count="10" type="stmt"/>
      <line num="27" count="2" type="stmt"/>
      <line num="28" count="43" type="stmt"/>
      <line num="29" count="43" type="cond" truecount="1" falsecount="0"/>
      <line num="35" count="10" type="stmt"/>
      <line num="38" count="33" type="cond" truecount="1" falsecount="0"/>
      <line num="39" count="26" type="stmt"/>
      <line num="40" count="26" type="stmt"/>
      <line num="41" count="26" type="cond" truecount="3" falsecount="1"/>
      <line num="43" count="26" type="cond" truecount="3" falsecount="0"/>
      <line num="44" count="12" type="stmt"/>
      <line num="46" count="26" type="cond" truecount="3" falsecount="0"/>
      <line num="47" count="12" type="stmt"/>
      <line num="49" count="26" type="cond" truecount="3" falsecount="0"/>
      <line num="50" count="14" type="stmt"/>
      <line num="53" count="26" type="cond" truecount="1" falsecount="0"/>
      <line num="54" count="21" type="stmt"/>
      <line num="57" count="26" type="stmt"/>
      <line num="60" count="7" type="stmt"/>
      <line num="63" count="2" type="stmt"/>
      <line num="64" count="19" type="cond" truecount="3" falsecount="0"/>
      <line num="65" count="5" type="stmt"/>
      <line num="68" count="14" type="stmt"/>
      <line num="70" count="14" type="cond" truecount="1" falsecount="0"/>
      <line num="71" count="6" type="cond" truecount="1" falsecount="0"/>
      <line num="77" count="3" type="stmt"/>
      <line num="80" count="3" type="stmt"/>
      <line num="83" count="8" type="cond" truecount="1" falsecount="0"/>
      <line num="84" count="1" type="stmt"/>
      <line num="87" count="7" type="cond" truecount="1" falsecount="0"/>
      <line num="88" count="4" type="stmt"/>
      <line num="91" count="3" type="stmt"/>
    </file>
    <file name="positionValidation.ts" path="/Users/gemmacrawford-wright/Desktop/projects/mars-rover-simulator/src/positionValidation.ts">
      <metrics statements="25" coveredstatements="25" conditionals="14" coveredconditionals="14" methods="5" coveredmethods="5"/>
      <line num="2" count="4" type="stmt"/>
      <line num="5" count="4" type="stmt"/>
      <line num="6" count="25" type="stmt"/>
      <line num="12" count="25" type="stmt"/>
      <line num="14" count="25" type="stmt"/>
      <line num="15" count="7" type="cond" truecount="4" falsecount="0"/>
      <line num="16" count="2" type="stmt"/>
      <line num="20" count="25" type="stmt"/>
      <line num="23" count="4" type="stmt"/>
      <line num="24" count="19" type="cond" truecount="5" falsecount="0"/>
      <line num="25" count="2" type="stmt"/>
      <line num="26" count="2" type="stmt"/>
      <line num="27" count="2" type="stmt"/>
      <line num="30" count="19" type="stmt"/>
      <line num="33" count="4" type="stmt"/>
      <line num="34" count="4" type="stmt"/>
      <line num="36" count="4" type="stmt"/>
      <line num="38" count="4" type="stmt"/>
      <line num="40" count="4" type="stmt"/>
      <line num="43" count="4" type="stmt"/>
      <line num="44" count="29" type="cond" truecount="5" falsecount="0"/>
      <line num="45" count="3" type="stmt"/>
      <line num="47" count="3" type="stmt"/>
      <line num="53" count="3" type="stmt"/>
      <line num="56" count="26" type="stmt"/>
    </file>
    <file name="rover.ts" path="/Users/gemmacrawford-wright/Desktop/projects/mars-rover-simulator/src/rover.ts">
      <metrics statements="34" coveredstatements="34" conditionals="10" coveredconditionals="10" methods="3" coveredmethods="3"/>
      <line num="2" count="4" type="stmt"/>
      <line num="3" count="4" type="stmt"/>
      <line num="4" count="4" type="stmt"/>
      <line num="16" count="4" type="stmt"/>
      <line num="17" count="17" type="stmt"/>
      <line num="18" count="17" type="stmt"/>
      <line num="20" count="17" type="stmt"/>
      <line num="30" count="17" type="stmt"/>
      <line num="33" count="4" type="stmt"/>
      <line num="34" count="5" type="stmt"/>
      <line num="35" count="45" type="cond" truecount="1" falsecount="0"/>
      <line num="36" count="1" type="stmt"/>
      <line num="39" count="44" type="stmt"/>
      <line num="44" count="44" type="cond" truecount="3" falsecount="0"/>
      <line num="46" count="23" type="cond" truecount="1" falsecount="0"/>
      <line num="47" count="22" type="stmt"/>
      <line num="49" count="23" type="stmt"/>
      <line num="51" count="11" type="stmt"/>
      <line num="52" count="11" type="stmt"/>
      <line num="54" count="10" type="stmt"/>
      <line num="55" count="10" type="stmt"/>
      <line num="59" count="5" type="stmt"/>
      <line num="62" count="4" type="stmt"/>
      <line num="63" count="6" type="stmt"/>
      <line num="64" count="6" type="stmt"/>
      <line num="65" count="6" type="stmt"/>
      <line num="67" count="6" type="stmt"/>
      <line num="69" count="6" type="cond" truecount="1" falsecount="0"/>
      <line num="70" count="1" type="stmt"/>
      <line num="73" count="6" type="cond" truecount="3" falsecount="0"/>
      <line num="74" count="1" type="stmt"/>
      <line num="77" count="6" type="cond" truecount="1" falsecount="0"/>
      <line num="78" count="1" type="stmt"/>
      <line num="81" count="6" type="stmt"/>
    </file>
    <file name="roverSimulator.ts" path="/Users/gemmacrawford-wright/Desktop/projects/mars-rover-simulator/src/roverSimulator.ts">
      <metrics statements="44" coveredstatements="44" conditionals="32" coveredconditionals="28" methods="4" coveredmethods="4"/>
      <line num="1" count="1" type="stmt"/>
      <line num="2" count="1" type="stmt"/>
      <line num="4" count="1" type="stmt"/>
      <line num="6" count="1" type="cond" truecount="1" falsecount="0"/>
      <line num="7" count="7" type="stmt"/>
      <line num="8" count="7" type="stmt"/>
      <line num="10" count="7" type="cond" truecount="3" falsecount="1"/>
      <line num="12" count="7" type="cond" truecount="1" falsecount="0"/>
      <line num="13" count="1" type="stmt"/>
      <line num="16" count="6" type="cond" truecount="3" falsecount="1"/>
      <line num="17" count="6" type="cond" truecount="3" falsecount="1"/>
      <line num="19" count="6" type="stmt"/>
      <line num="21" count="10" type="stmt"/>
      <line num="23" count="6" type="stmt"/>
      <line num="24" count="6" type="stmt"/>
      <line num="26" count="6" type="stmt"/>
      <line num="27" count="6" type="stmt"/>
      <line num="28" count="6" type="stmt"/>
      <line num="29" count="15" type="stmt"/>
      <line num="31" count="6" type="cond" truecount="2" falsecount="0"/>
      <line num="32" count="4" type="stmt"/>
      <line num="33" count="4" type="stmt"/>
      <line num="34" count="4" type="cond" truecount="3" falsecount="1"/>
      <line num="36" count="4" type="cond" truecount="4" falsecount="0"/>
      <line num="38" count="4" type="cond" truecount="2" falsecount="0"/>
      <line num="39" count="2" type="stmt"/>
      <line num="41" count="2" type="stmt"/>
      <line num="43" count="2" type="cond" truecount="1" falsecount="0"/>
      <line num="44" count="2" type="stmt"/>
      <line num="47" count="2" type="stmt"/>
      <line num="49" count="2" type="stmt"/>
      <line num="50" count="2" type="cond" truecount="2" falsecount="0"/>
      <line num="51" count="1" type="stmt"/>
      <line num="52" count="1" type="stmt"/>
      <line num="54" count="1" type="stmt"/>
      <line num="56" count="2" type="cond" truecount="2" falsecount="0"/>
      <line num="57" count="1" type="stmt"/>
      <line num="58" count="1" type="stmt"/>
      <line num="60" count="1" type="stmt"/>
      <line num="63" count="6" type="stmt"/>
      <line num="66" count="6" type="cond" truecount="1" falsecount="0"/>
      <line num="67" count="1" type="stmt"/>
      <line num="68" count="1" type="stmt"/>
      <line num="71" count="6" type="stmt"/>
    </file>
  </project>
</coverage>
