TN:
SF:src/controls.ts
FN:5,moveForward
FN:28,turnLeft
FN:41,turnRight
FNF:3
FNH:3
FNDA:26,moveForward
FNDA:15,turnLeft
FNDA:14,turnRight
DA:3,4
DA:5,4
DA:6,26
DA:8,11
DA:9,11
DA:10,11
DA:12,9
DA:13,9
DA:14,9
DA:16,3
DA:17,3
DA:18,3
DA:20,3
DA:21,3
DA:22,3
DA:25,26
DA:28,4
DA:29,15
DA:31,2
DA:33,7
DA:35,3
DA:37,3
DA:41,4
DA:42,14
DA:44,7
DA:46,3
DA:48,2
DA:50,2
LF:28
LH:28
BRDA:6,0,0,11
BRDA:6,0,1,9
BRDA:6,0,2,3
BRDA:6,0,3,3
BRDA:29,1,0,2
BRDA:29,1,1,7
BRDA:29,1,2,3
BRDA:29,1,3,3
BRDA:42,2,0,7
BRDA:42,2,1,3
BRDA:42,2,2,2
BRDA:42,2,3,2
BRF:12
BRH:12
end_of_record
TN:
SF:src/grid.ts
FN:5,setGridSize
FN:11,resetGuard
FNF:2
FNH:2
FNDA:20,setGridSize
FNDA:15,resetGuard
DA:5,5
DA:6,20
DA:9,5
DA:11,5
DA:12,15
LF:5
LH:5
BRF:0
BRH:0
end_of_record
TN:
SF:src/helperFunctions.ts
FN:1,splitStringByLine
FN:5,(anonymous_1)
FN:9,splitStringByChar
FNF:3
FNH:3
FNDA:9,splitStringByLine
FNDA:16,(anonymous_1)
FNDA:33,splitStringByChar
DA:1,5
DA:3,9
DA:4,9
DA:5,16
DA:6,9
DA:9,5
DA:10,33
LF:7
LH:7
BRF:0
BRH:0
end_of_record
TN:
SF:src/inputValidation.ts
FN:1,validateGrid
FN:27,validateState
FN:63,validateInstructions
FNF:3
FNH:3
FNDA:30,validateGrid
FNDA:43,validateState
FNDA:19,validateInstructions
DA:1,2
DA:2,30
DA:3,2
DA:6,28
DA:7,5
DA:10,23
DA:11,23
DA:13,23
DA:14,6
DA:17,17
DA:18,17
DA:20,17
DA:21,7
DA:24,10
DA:27,2
DA:28,43
DA:29,43
DA:35,10
DA:38,33
DA:39,26
DA:40,26
DA:41,26
DA:43,26
DA:44,12
DA:46,26
DA:47,12
DA:49,26
DA:50,14
DA:53,26
DA:54,21
DA:57,26
DA:60,7
DA:63,2
DA:64,19
DA:65,5
DA:68,14
DA:70,14
DA:71,6
DA:77,3
DA:80,3
DA:83,8
DA:84,1
DA:87,7
DA:88,4
DA:91,3
LF:45
LH:45
BRDA:2,0,0,2
BRDA:2,1,0,30
BRDA:2,1,1,30
BRDA:2,1,2,29
BRDA:2,1,3,4
BRDA:6,2,0,5
BRDA:13,3,0,6
BRDA:13,4,0,23
BRDA:13,4,1,19
BRDA:20,5,0,7
BRDA:20,6,0,17
BRDA:20,6,1,14
BRDA:20,6,2,12
BRDA:20,6,3,10
BRDA:29,7,0,10
BRDA:30,8,0,43
BRDA:30,8,1,43
BRDA:30,8,2,42
BRDA:30,8,3,11
BRDA:30,8,4,41
BRDA:30,8,5,10
BRDA:38,9,0,26
BRDA:41,10,0,0
BRDA:41,10,1,26
BRDA:41,11,0,26
BRDA:41,11,1,26
BRDA:43,12,0,12
BRDA:43,13,0,26
BRDA:43,13,1,21
BRDA:46,14,0,12
BRDA:46,15,0,26
BRDA:46,15,1,19
BRDA:49,16,0,14
BRDA:49,17,0,26
BRDA:49,17,1,22
BRDA:53,18,0,21
BRDA:64,19,0,5
BRDA:64,20,0,19
BRDA:64,20,1,18
BRDA:70,21,0,6
BRDA:71,22,0,3
BRDA:72,23,0,6
BRDA:72,23,1,3
BRDA:72,23,2,3
BRDA:72,23,3,3
BRDA:83,24,0,1
BRDA:87,25,0,4
BRF:47
BRH:46
end_of_record
TN:
SF:src/positionValidation.ts
FN:5,checkGuard
FN:14,(anonymous_1)
FN:23,checkRoverOnMars
FN:33,markAsLost
FN:43,checkMove
FNF:5
FNH:5
FNDA:25,checkGuard
FNDA:7,(anonymous_1)
FNDA:19,checkRoverOnMars
FNDA:4,markAsLost
FNDA:29,checkMove
DA:2,4
DA:5,4
DA:6,25
DA:12,25
DA:14,25
DA:15,7
DA:16,2
DA:20,25
DA:23,4
DA:24,19
DA:25,2
DA:26,2
DA:27,2
DA:30,19
DA:33,4
DA:34,4
DA:36,4
DA:38,4
DA:40,4
DA:43,4
DA:44,29
DA:45,3
DA:47,3
DA:53,3
DA:56,26
LF:25
LH:25
BRDA:15,0,0,2
BRDA:15,1,0,7
BRDA:15,1,1,3
BRDA:15,1,2,3
BRDA:24,2,0,2
BRDA:24,3,0,19
BRDA:24,3,1,19
BRDA:24,3,2,17
BRDA:24,3,3,17
BRDA:44,4,0,3
BRDA:44,5,0,29
BRDA:44,5,1,29
BRDA:44,5,2,28
BRDA:44,5,3,28
BRF:14
BRH:14
end_of_record
TN:
SF:src/rover.ts
FN:16,buildRover
FN:33,moveRover
FN:62,getStateString
FNF:3
FNH:3
FNDA:17,buildRover
FNDA:5,moveRover
FNDA:6,getStateString
DA:2,4
DA:3,4
DA:4,4
DA:16,4
DA:17,17
DA:18,17
DA:20,17
DA:30,17
DA:33,4
DA:34,5
DA:35,45
DA:36,1
DA:39,44
DA:44,44
DA:46,23
DA:47,22
DA:49,23
DA:51,11
DA:52,11
DA:54,10
DA:55,10
DA:59,5
DA:62,4
DA:63,6
DA:64,6
DA:65,6
DA:67,6
DA:69,6
DA:70,1
DA:73,6
DA:74,1
DA:77,6
DA:78,1
DA:81,6
LF:34
LH:34
BRDA:35,0,0,1
BRDA:44,1,0,23
BRDA:44,1,1,11
BRDA:44,1,2,10
BRDA:46,2,0,22
BRDA:69,3,0,1
BRDA:73,4,0,1
BRDA:73,5,0,6
BRDA:73,5,1,1
BRDA:77,6,0,1
BRF:10
BRH:10
end_of_record
TN:
SF:src/roverSimulator.ts
FN:6,runRobots
FN:21,(anonymous_1)
FN:29,(anonymous_2)
FN:67,(anonymous_3)
FNF:4
FNH:4
FNDA:7,runRobots
FNDA:10,(anonymous_1)
FNDA:15,(anonymous_2)
FNDA:1,(anonymous_3)
DA:1,1
DA:2,1
DA:4,1
DA:6,1
DA:7,7
DA:8,7
DA:10,7
DA:12,7
DA:13,1
DA:16,6
DA:17,6
DA:19,6
DA:21,10
DA:23,6
DA:24,6
DA:26,6
DA:27,6
DA:28,6
DA:29,15
DA:31,6
DA:32,4
DA:33,4
DA:34,4
DA:36,4
DA:38,4
DA:39,2
DA:41,2
DA:43,2
DA:44,2
DA:47,2
DA:49,2
DA:50,2
DA:51,1
DA:52,1
DA:54,1
DA:56,2
DA:57,1
DA:58,1
DA:60,1
DA:63,6
DA:66,6
DA:67,1
DA:68,1
DA:71,6
LF:44
LH:44
BRDA:6,0,0,6
BRDA:10,1,0,0
BRDA:10,1,1,7
BRDA:10,2,0,7
BRDA:10,2,1,7
BRDA:12,3,0,1
BRDA:16,4,0,0
BRDA:16,4,1,6
BRDA:16,5,0,6
BRDA:16,5,1,6
BRDA:17,6,0,0
BRDA:17,6,1,6
BRDA:17,7,0,6
BRDA:17,7,1,6
BRDA:31,8,0,4
BRDA:31,8,1,2
BRDA:34,9,0,0
BRDA:34,9,1,4
BRDA:34,10,0,4
BRDA:34,10,1,4
BRDA:36,11,0,1
BRDA:36,11,1,3
BRDA:36,12,0,4
BRDA:36,12,1,4
BRDA:38,13,0,2
BRDA:38,13,1,2
BRDA:43,14,0,2
BRDA:50,15,0,1
BRDA:50,15,1,1
BRDA:56,16,0,1
BRDA:56,16,1,1
BRDA:66,17,0,1
BRF:32
BRH:28
end_of_record
