TN:
SF:src/controls.ts
FN:5,moveForward
FN:28,turnLeft
FN:41,turnRight
FNF:3
FNH:3
FNDA:16,moveForward
FNDA:11,turnLeft
FNDA:10,turnRight
DA:3,3
DA:5,3
DA:6,16
DA:8,5
DA:9,5
DA:10,5
DA:12,5
DA:13,5
DA:14,5
DA:16,3
DA:17,3
DA:18,3
DA:20,3
DA:21,3
DA:22,3
DA:25,16
DA:28,3
DA:29,11
DA:31,2
DA:33,3
DA:35,3
DA:37,3
DA:41,3
DA:42,10
DA:44,3
DA:46,3
DA:48,2
DA:50,2
LF:28
LH:28
BRDA:6,0,0,5
BRDA:6,0,1,5
BRDA:6,0,2,3
BRDA:6,0,3,3
BRDA:29,1,0,2
BRDA:29,1,1,3
BRDA:29,1,2,3
BRDA:29,1,3,3
BRDA:42,2,0,3
BRDA:42,2,1,3
BRDA:42,2,2,2
BRDA:42,2,3,2
BRF:12
BRH:12
end_of_record
TN:
SF:src/grid.ts
FN:5,setGridSize
FN:11,resetGuard
FNF:2
FNH:2
FNDA:14,setGridSize
FNDA:8,resetGuard
DA:5,4
DA:6,14
DA:9,4
DA:11,4
DA:12,8
LF:5
LH:5
BRF:0
BRH:0
end_of_record
TN:
SF:src/helperFunctions.ts
FN:1,splitStringByLine
FN:5,(anonymous_1)
FN:9,splitStringByChar
FNF:3
FNH:3
FNDA:9,splitStringByLine
FNDA:16,(anonymous_1)
FNDA:31,splitStringByChar
DA:1,4
DA:3,9
DA:4,9
DA:5,16
DA:6,9
DA:9,4
DA:10,31
LF:7
LH:7
BRF:0
BRH:0
end_of_record
TN:
SF:src/inputValidation.ts
FN:1,validateGrid
FN:27,validateState
FN:63,validateInstructions
FNF:3
FNH:3
FNDA:22,validateGrid
FNDA:33,validateState
FNDA:11,validateInstructions
DA:1,1
DA:2,22
DA:3,2
DA:6,20
DA:7,3
DA:10,17
DA:11,17
DA:13,17
DA:14,6
DA:17,11
DA:18,11
DA:20,11
DA:21,7
DA:24,4
DA:27,1
DA:28,33
DA:29,33
DA:35,7
DA:38,26
DA:39,22
DA:40,22
DA:41,22
DA:43,22
DA:44,12
DA:46,22
DA:47,12
DA:49,22
DA:50,14
DA:53,22
DA:54,21
DA:57,22
DA:60,4
DA:63,1
DA:64,11
DA:65,2
DA:68,9
DA:70,9
DA:71,6
DA:77,3
DA:80,3
DA:83,3
DA:84,1
DA:87,2
DA:88,1
DA:91,1
LF:45
LH:45
BRDA:2,0,0,2
BRDA:2,1,0,22
BRDA:2,1,1,22
BRDA:2,1,2,21
BRDA:2,1,3,2
BRDA:6,2,0,3
BRDA:13,3,0,6
BRDA:13,4,0,17
BRDA:13,4,1,13
BRDA:20,5,0,7
BRDA:20,6,0,11
BRDA:20,6,1,8
BRDA:20,6,2,6
BRDA:20,6,3,4
BRDA:29,7,0,7
BRDA:30,8,0,33
BRDA:30,8,1,33
BRDA:30,8,2,32
BRDA:30,8,3,8
BRDA:30,8,4,31
BRDA:30,8,5,7
BRDA:38,9,0,22
BRDA:41,10,0,0
BRDA:41,10,1,22
BRDA:41,11,0,22
BRDA:41,11,1,22
BRDA:43,12,0,12
BRDA:43,13,0,22
BRDA:43,13,1,17
BRDA:46,14,0,12
BRDA:46,15,0,22
BRDA:46,15,1,15
BRDA:49,16,0,14
BRDA:49,17,0,22
BRDA:49,17,1,18
BRDA:53,18,0,21
BRDA:64,19,0,2
BRDA:64,20,0,11
BRDA:64,20,1,10
BRDA:70,21,0,6
BRDA:71,22,0,3
BRDA:72,23,0,6
BRDA:72,23,1,3
BRDA:72,23,2,3
BRDA:72,23,3,3
BRDA:83,24,0,1
BRDA:87,25,0,1
BRF:47
BRH:46
end_of_record
TN:
SF:src/positionValidation.ts
FN:5,checkGuard
FN:14,(anonymous_1)
FN:23,checkRoverOnMars
FN:33,markAsLost
FN:43,checkMove
FNF:5
FNH:5
FNDA:15,checkGuard
FNDA:7,(anonymous_1)
FNDA:17,checkRoverOnMars
FNDA:4,markAsLost
FNDA:19,checkMove
DA:2,3
DA:5,3
DA:6,15
DA:12,15
DA:14,15
DA:15,7
DA:16,2
DA:20,15
DA:23,3
DA:24,17
DA:25,2
DA:26,2
DA:27,2
DA:30,17
DA:33,3
DA:34,4
DA:36,4
DA:38,4
DA:40,4
DA:43,3
DA:44,19
DA:45,3
DA:47,3
DA:53,3
DA:56,16
LF:25
LH:25
BRDA:15,0,0,2
BRDA:15,1,0,7
BRDA:15,1,1,3
BRDA:15,1,2,3
BRDA:24,2,0,2
BRDA:24,3,0,17
BRDA:24,3,1,17
BRDA:24,3,2,15
BRDA:24,3,3,15
BRDA:44,4,0,3
BRDA:44,5,0,19
BRDA:44,5,1,19
BRDA:44,5,2,18
BRDA:44,5,3,18
BRF:14
BRH:14
end_of_record
TN:
SF:src/rover.ts
FN:16,buildRover
FN:33,moveRover
FN:62,getStateString
FNF:3
FNH:3
FNDA:15,buildRover
FNDA:3,moveRover
FNDA:4,getStateString
DA:2,3
DA:3,3
DA:4,3
DA:16,3
DA:17,15
DA:18,15
DA:20,15
DA:30,15
DA:33,3
DA:34,3
DA:35,27
DA:36,1
DA:39,26
DA:44,26
DA:46,13
DA:47,12
DA:49,13
DA:51,7
DA:52,7
DA:54,6
DA:55,6
DA:59,3
DA:62,3
DA:63,4
DA:64,4
DA:65,4
DA:67,4
DA:69,4
DA:70,1
DA:73,4
DA:74,1
DA:77,4
DA:78,1
DA:81,4
LF:34
LH:34
BRDA:35,0,0,1
BRDA:44,1,0,13
BRDA:44,1,1,7
BRDA:44,1,2,6
BRDA:46,2,0,12
BRDA:69,3,0,1
BRDA:73,4,0,1
BRDA:73,5,0,4
BRDA:73,5,1,1
BRDA:77,6,0,1
BRF:10
BRH:10
end_of_record
